<?xml version="1.0" encoding="UTF-8"?>
<testsuite xmlns:xsi="http://www.w3.org/2001/XMLSchema-instance" xsi:noNamespaceSchemaLocation="https://maven.apache.org/surefire/maven-surefire-plugin/xsd/surefire-test-report-3.0.xsd" version="3.0" name="com.tribal.demo.controller.CreditLineControllerTest" time="7.409" tests="2" errors="0" skipped="0" failures="0">
  <properties>
[...]
</properties>
  <testcase name="Credit Line Request Authorized is Due To Rate Limit" classname="com.tribal.demo.controller.CreditLineControllerTest" time="6.968">
    <system-out><![CDATA[21:52:05.016 [main] DEBUG _org.springframework.web.servlet.HandlerMapping.Mappings - 
	c.t.d.c.CreditLineController:
	{POST [/api/tribal/validateCreditLine]}: validateCreditLine(CreditLineRequest)
21:52:05.041 [main] DEBUG org.springframework.web.servlet.mvc.method.annotation.RequestMappingHandlerMapping - 1 mappings in org.springframework.web.servlet.mvc.method.annotation.RequestMappingHandlerMapping
21:52:08.363 [main] DEBUG org.springframework.web.servlet.mvc.method.annotation.RequestMappingHandlerAdapter - ControllerAdvice beans: 0 @ModelAttribute, 0 @InitBinder, 1 RequestBodyAdvice, 1 ResponseBodyAdvice
21:52:08.545 [main] DEBUG org.springframework.web.servlet.mvc.method.annotation.ExceptionHandlerExceptionResolver - ControllerAdvice beans: 0 @ExceptionHandler, 1 ResponseBodyAdvice
21:52:08.624 [main] INFO org.springframework.mock.web.MockServletContext - Initializing Spring TestDispatcherServlet ''
21:52:08.624 [main] INFO org.springframework.test.web.servlet.TestDispatcherServlet - Initializing Servlet ''
21:52:08.630 [main] DEBUG org.springframework.test.web.servlet.TestDispatcherServlet - Detected AcceptHeaderLocaleResolver
21:52:08.630 [main] DEBUG org.springframework.test.web.servlet.TestDispatcherServlet - Detected FixedThemeResolver
21:52:08.631 [main] DEBUG org.springframework.test.web.servlet.TestDispatcherServlet - Detected org.springframework.web.servlet.view.DefaultRequestToViewNameTranslator@3874b815
21:52:08.631 [main] DEBUG org.springframework.test.web.servlet.TestDispatcherServlet - Detected org.springframework.web.servlet.support.SessionFlashMapManager@5d7835a8
21:52:08.632 [main] DEBUG org.springframework.test.web.servlet.TestDispatcherServlet - enableLoggingRequestDetails='false': request parameters and headers will be masked to prevent unsafe logging of potentially sensitive data
21:52:08.632 [main] INFO org.springframework.test.web.servlet.TestDispatcherServlet - Completed initialization in 8 ms
21:52:08.990 [main] DEBUG org.springframework.test.web.servlet.TestDispatcherServlet - POST "/api/tribal/validateCreditLine", parameters={}
21:52:09.004 [main] DEBUG org.springframework.web.servlet.mvc.method.annotation.RequestMappingHandlerMapping - Mapped to com.tribal.demo.controller.CreditLineController#validateCreditLine(CreditLineRequest)
21:52:09.479 [main] DEBUG org.springframework.web.servlet.mvc.method.annotation.RequestResponseBodyMethodProcessor - Read "application/json" to [com.tribal.demo.domain.CreditLineRequest@4207609e]
21:52:09.704 [main] DEBUG org.springframework.web.servlet.mvc.method.annotation.HttpEntityMethodProcessor - Using 'application/json', given [*/*] and supported [application/json, application/*+json]
21:52:09.705 [main] DEBUG org.springframework.web.servlet.mvc.method.annotation.HttpEntityMethodProcessor - Writing [com.tribal.demo.domain.CreditLineResponse@14b789f6]
21:52:09.732 [main] DEBUG org.springframework.test.web.servlet.TestDispatcherServlet - Completed 200 OK
21:52:09.746 [main] DEBUG org.springframework.test.web.servlet.TestDispatcherServlet - POST "/api/tribal/validateCreditLine", parameters={}
21:52:09.746 [main] DEBUG org.springframework.web.servlet.mvc.method.annotation.RequestMappingHandlerMapping - Mapped to com.tribal.demo.controller.CreditLineController#validateCreditLine(CreditLineRequest)
21:52:09.747 [main] DEBUG org.springframework.web.servlet.mvc.method.annotation.RequestResponseBodyMethodProcessor - Read "application/json" to [com.tribal.demo.domain.CreditLineRequest@5fa23c]
21:52:09.748 [main] DEBUG org.springframework.web.servlet.mvc.method.annotation.HttpEntityMethodProcessor - Using 'application/json', given [*/*] and supported [application/json, application/*+json]
21:52:09.748 [main] DEBUG org.springframework.web.servlet.mvc.method.annotation.HttpEntityMethodProcessor - Writing [com.tribal.demo.domain.CreditLineResponse@558756be]
21:52:09.749 [main] DEBUG org.springframework.test.web.servlet.TestDispatcherServlet - Completed 200 OK
21:52:09.750 [main] DEBUG org.springframework.test.web.servlet.TestDispatcherServlet - POST "/api/tribal/validateCreditLine", parameters={}
21:52:09.751 [main] DEBUG org.springframework.web.servlet.mvc.method.annotation.RequestMappingHandlerMapping - Mapped to com.tribal.demo.controller.CreditLineController#validateCreditLine(CreditLineRequest)
21:52:09.752 [main] DEBUG org.springframework.web.servlet.mvc.method.annotation.RequestResponseBodyMethodProcessor - Read "application/json" to [com.tribal.demo.domain.CreditLineRequest@433348bc]
21:52:09.753 [main] DEBUG org.springframework.web.servlet.mvc.method.annotation.HttpEntityMethodProcessor - Using 'application/json', given [*/*] and supported [application/json, application/*+json]
21:52:09.755 [main] DEBUG org.springframework.web.servlet.mvc.method.annotation.HttpEntityMethodProcessor - Writing [com.tribal.demo.domain.CreditLineResponse@6d1dcdff]
21:52:09.755 [main] DEBUG org.springframework.test.web.servlet.TestDispatcherServlet - Completed 429 TOO_MANY_REQUESTS
]]></system-out>
  </testcase>
  <testcase name="Credit Line Request Rejected response Sales Agent will contact you" classname="com.tribal.demo.controller.CreditLineControllerTest" time="0.415">
    <system-out><![CDATA[21:52:09.924 [main] DEBUG _org.springframework.web.servlet.HandlerMapping.Mappings - 
	c.t.d.c.CreditLineController:
	{POST [/api/tribal/validateCreditLine]}: validateCreditLine(CreditLineRequest)
21:52:09.927 [main] DEBUG org.springframework.web.servlet.mvc.method.annotation.RequestMappingHandlerMapping - 1 mappings in org.springframework.web.servlet.mvc.method.annotation.RequestMappingHandlerMapping
21:52:09.956 [main] DEBUG org.springframework.web.servlet.mvc.method.annotation.RequestMappingHandlerAdapter - ControllerAdvice beans: 0 @ModelAttribute, 0 @InitBinder, 1 RequestBodyAdvice, 1 ResponseBodyAdvice
21:52:09.966 [main] DEBUG org.springframework.web.servlet.mvc.method.annotation.ExceptionHandlerExceptionResolver - ControllerAdvice beans: 0 @ExceptionHandler, 1 ResponseBodyAdvice
21:52:09.966 [main] INFO org.springframework.mock.web.MockServletContext - Initializing Spring TestDispatcherServlet ''
21:52:09.967 [main] INFO org.springframework.test.web.servlet.TestDispatcherServlet - Initializing Servlet ''
21:52:09.969 [main] DEBUG org.springframework.test.web.servlet.TestDispatcherServlet - Detected AcceptHeaderLocaleResolver
21:52:09.969 [main] DEBUG org.springframework.test.web.servlet.TestDispatcherServlet - Detected FixedThemeResolver
21:52:09.970 [main] DEBUG org.springframework.test.web.servlet.TestDispatcherServlet - Detected org.springframework.web.servlet.view.DefaultRequestToViewNameTranslator@36c2b646
21:52:09.970 [main] DEBUG org.springframework.test.web.servlet.TestDispatcherServlet - Detected org.springframework.web.servlet.support.SessionFlashMapManager@434514d8
21:52:09.970 [main] DEBUG org.springframework.test.web.servlet.TestDispatcherServlet - enableLoggingRequestDetails='false': request parameters and headers will be masked to prevent unsafe logging of potentially sensitive data
21:52:09.971 [main] INFO org.springframework.test.web.servlet.TestDispatcherServlet - Completed initialization in 2 ms
21:52:09.972 [main] DEBUG org.springframework.test.web.servlet.TestDispatcherServlet - POST "/api/tribal/validateCreditLine", parameters={}
21:52:09.972 [main] DEBUG org.springframework.web.servlet.mvc.method.annotation.RequestMappingHandlerMapping - Mapped to com.tribal.demo.controller.CreditLineController#validateCreditLine(CreditLineRequest)
21:52:09.976 [main] DEBUG org.springframework.web.servlet.mvc.method.annotation.RequestResponseBodyMethodProcessor - Read "application/json" to [com.tribal.demo.domain.CreditLineRequest@6b1dc20f]
21:52:09.980 [main] DEBUG org.springframework.web.servlet.mvc.method.annotation.HttpEntityMethodProcessor - Using 'application/json', given [*/*] and supported [application/json, application/*+json]
21:52:09.981 [main] DEBUG org.springframework.web.servlet.mvc.method.annotation.HttpEntityMethodProcessor - Writing [com.tribal.demo.domain.CreditLineResponse@ec8f4b9]
21:52:09.983 [main] DEBUG org.springframework.test.web.servlet.TestDispatcherServlet - Completed 200 OK
21:52:09.988 [main] DEBUG org.springframework.test.web.servlet.TestDispatcherServlet - POST "/api/tribal/validateCreditLine", parameters={}
21:52:09.989 [main] DEBUG org.springframework.web.servlet.mvc.method.annotation.RequestMappingHandlerMapping - Mapped to com.tribal.demo.controller.CreditLineController#validateCreditLine(CreditLineRequest)
21:52:09.990 [main] DEBUG org.springframework.web.servlet.mvc.method.annotation.RequestResponseBodyMethodProcessor - Read "application/json" to [com.tribal.demo.domain.CreditLineRequest@bc042d5]
21:52:09.991 [main] DEBUG org.springframework.web.servlet.mvc.method.annotation.HttpEntityMethodProcessor - Using 'application/json', given [*/*] and supported [application/json, application/*+json]
21:52:09.992 [main] DEBUG org.springframework.web.servlet.mvc.method.annotation.HttpEntityMethodProcessor - Writing [com.tribal.demo.domain.CreditLineResponse@5484117b]
21:52:09.992 [main] DEBUG org.springframework.test.web.servlet.TestDispatcherServlet - Completed 200 OK
21:52:09.993 [main] DEBUG org.springframework.test.web.servlet.TestDispatcherServlet - POST "/api/tribal/validateCreditLine", parameters={}
21:52:09.994 [main] DEBUG org.springframework.web.servlet.mvc.method.annotation.RequestMappingHandlerMapping - Mapped to com.tribal.demo.controller.CreditLineController#validateCreditLine(CreditLineRequest)
21:52:09.995 [main] DEBUG org.springframework.web.servlet.mvc.method.annotation.RequestResponseBodyMethodProcessor - Read "application/json" to [com.tribal.demo.domain.CreditLineRequest@37df14d1]
21:52:09.996 [main] DEBUG org.springframework.web.servlet.mvc.method.annotation.HttpEntityMethodProcessor - Using 'application/json', given [*/*] and supported [application/json, application/*+json]
21:52:09.997 [main] DEBUG org.springframework.web.servlet.mvc.method.annotation.HttpEntityMethodProcessor - Writing [com.tribal.demo.domain.CreditLineResponse@7efb53af]
21:52:09.998 [main] DEBUG org.springframework.test.web.servlet.TestDispatcherServlet - Completed 200 OK
21:52:10.275 [main] DEBUG com.jayway.jsonpath.internal.path.CompiledPath - Evaluating path: $['message']
]]></system-out>
  </testcase>
</testsuite>